PBIX File Analysis Report
================================================================================
File: ./data/sem_model.pbix
Timestamp: 2025-10-12 17:58:45
================================================================================

Total files found: 10

Files and Folders:
--------------------------------------------------------------------------------
[FILE]   Version (Size: 8 bytes)
[FILE]   [Content_Types].xml (Size: 596 bytes)
[FILE]   DiagramLayout (Size: 590 bytes)
[FILE]   Report/Layout (Size: 22,658 bytes)
[FILE]   Settings (Size: 274 bytes)
[FILE]   Metadata (Size: 192 bytes)
[FILE]   Report/StaticResources/RegisteredResources/Goodyear_Tire_and_Rubber_Compa15066536882930803.png (Size: 87,807 bytes)
[FILE]   Report/StaticResources/SharedResources/BaseThemes/CY24SU06.json (Size: 5,873 bytes)
[FILE]   SecurityBindings (Size: 358 bytes)
[FILE]   DataModel (Size: 14,754 bytes)

================================================================================
Summary:
  Total Folders: 3
  Total Files: 10
================================================================================


================================================================================
DATAMODEL EXTRACTION USING PBIXRAY
================================================================================

✓ PBIXRay library loaded successfully

Loading PBIX file: ./data/sem_model.pbix
✓ PBIX file loaded successfully

================================================================================
TABLES
================================================================================

Tables found: <pbixray.core.PBIXRay object at 0x000002B229D19160>
Total Tables: 1

['Table']
Error extracting DataModel with PBIXRay: 'str' object has no attribute 'name'
Traceback:
Traceback (most recent call last):
  File "C:\Users\NileshPhapale\Desktop\R&D\pbi-metadata-extractor\mode_exc.py", line 156, in extract_datamodel_with_pbixray
    log_file.write(f"Table {idx}: {table.name}\n")
                                   ^^^^^^^^^^
AttributeError: 'str' object has no attribute 'name'

